[2026-05-06T10:40:45.257+0000] {local_task_job_runner.py:120} INFO - ::group::Pre task execution logs
[2026-05-06T10:40:45.323+0000] {taskinstance.py:2073} INFO - Dependencies all met for dep_context=non-requeueable deps ti=<TaskInstance: example_bash_operator.runme_0 scheduled__2026-05-05T00:00:00+00:00 [queued]>
[2026-05-06T10:40:45.339+0000] {taskinstance.py:2073} INFO - Dependencies all met for dep_context=requeueable deps ti=<TaskInstance: example_bash_operator.runme_0 scheduled__2026-05-05T00:00:00+00:00 [queued]>
[2026-05-06T10:40:45.340+0000] {taskinstance.py:2303} INFO - Starting attempt 1 of 1
[2026-05-06T10:40:45.367+0000] {taskinstance.py:2327} INFO - Executing <Task(BashOperator): runme_0> on 2026-05-05 00:00:00+00:00
[2026-05-06T10:40:45.385+0000] {logging_mixin.py:188} WARNING - /home/***/.local/lib/python3.12/site-packages/***/task/task_runner/standard_task_runner.py:61 DeprecationWarning: This process (pid=7345) is multi-threaded, use of fork() may lead to deadlocks in the child.
[2026-05-06T10:40:45.383+0000] {standard_task_runner.py:90} INFO - Running: ['***', 'tasks', 'run', 'example_bash_operator', 'runme_0', 'scheduled__2026-05-05T00:00:00+00:00', '--job-id', '4', '--raw', '--subdir', '/home/***/.local/lib/python3.12/site-packages/***/example_dags/example_bash_operator.py', '--cfg-path', '/tmp/tmpan8_x7g0']
[2026-05-06T10:40:45.388+0000] {standard_task_runner.py:63} INFO - Started process 7356 to run task
[2026-05-06T10:40:45.389+0000] {standard_task_runner.py:91} INFO - Job 4: Subtask runme_0
[2026-05-06T10:40:45.584+0000] {task_command.py:426} INFO - Running <TaskInstance: example_bash_operator.runme_0 scheduled__2026-05-05T00:00:00+00:00 [running]> on host 67cee88800bc
[2026-05-06T10:40:45.779+0000] {taskinstance.py:2644} INFO - Exporting env vars: AIRFLOW_CTX_DAG_OWNER='***' AIRFLOW_CTX_DAG_ID='example_bash_operator' AIRFLOW_CTX_TASK_ID='runme_0' AIRFLOW_CTX_EXECUTION_DATE='2026-05-05T00:00:00+00:00' AIRFLOW_CTX_TRY_NUMBER='1' AIRFLOW_CTX_DAG_RUN_ID='scheduled__2026-05-05T00:00:00+00:00'
[2026-05-06T10:40:45.783+0000] {taskinstance.py:430} INFO - ::endgroup::
[2026-05-06T10:40:45.785+0000] {subprocess.py:63} INFO - Tmp dir root location: /tmp
[2026-05-06T10:40:45.787+0000] {subprocess.py:75} INFO - Running command: ['/usr/bin/bash', '-c', 'echo "example_bash_operator__runme_0__20260505" && sleep 1']
[2026-05-06T10:40:45.817+0000] {subprocess.py:86} INFO - Output:
[2026-05-06T10:40:45.819+0000] {subprocess.py:93} INFO - example_bash_operator__runme_0__20260505
[2026-05-06T10:40:46.820+0000] {subprocess.py:97} INFO - Command exited with return code 0
[2026-05-06T10:40:46.822+0000] {taskinstance.py:441} INFO - ::group::Post task execution logs
[2026-05-06T10:40:46.901+0000] {taskinstance.py:1205} INFO - Marking task as SUCCESS. dag_id=example_bash_operator, task_id=runme_0, execution_date=20260505T000000, start_date=20260506T104045, end_date=20260506T104046
[2026-05-06T10:40:46.975+0000] {local_task_job_runner.py:240} INFO - Task exited with return code 0
[2026-05-06T10:40:47.014+0000] {taskinstance.py:3482} INFO - 0 downstream tasks scheduled from follow-on schedule check
[2026-05-06T10:40:47.017+0000] {local_task_job_runner.py:222} INFO - ::endgroup::
