[2026-05-06T10:43:48.911+0000] {local_task_job_runner.py:120} INFO - ::group::Pre task execution logs
[2026-05-06T10:43:48.956+0000] {taskinstance.py:2073} INFO - Dependencies all met for dep_context=non-requeueable deps ti=<TaskInstance: example_bash_operator.this_will_skip manual__2026-05-06T10:43:41+00:00 [queued]>
[2026-05-06T10:43:48.966+0000] {taskinstance.py:2073} INFO - Dependencies all met for dep_context=requeueable deps ti=<TaskInstance: example_bash_operator.this_will_skip manual__2026-05-06T10:43:41+00:00 [queued]>
[2026-05-06T10:43:48.967+0000] {taskinstance.py:2303} INFO - Starting attempt 1 of 1
[2026-05-06T10:43:48.983+0000] {taskinstance.py:2327} INFO - Executing <Task(BashOperator): this_will_skip> on 2026-05-06 10:43:41+00:00
[2026-05-06T10:43:48.995+0000] {standard_task_runner.py:90} INFO - Running: ['***', 'tasks', 'run', 'example_bash_operator', 'this_will_skip', 'manual__2026-05-06T10:43:41+00:00', '--job-id', '15', '--raw', '--subdir', '/home/***/.local/lib/python3.12/site-packages/***/example_dags/example_bash_operator.py', '--cfg-path', '/tmp/tmpd54w8fgn']
[2026-05-06T10:43:49.001+0000] {standard_task_runner.py:91} INFO - Job 15: Subtask this_will_skip
[2026-05-06T10:43:49.002+0000] {logging_mixin.py:188} WARNING - /home/***/.local/lib/python3.12/site-packages/***/task/task_runner/standard_task_runner.py:61 DeprecationWarning: This process (pid=8926) is multi-threaded, use of fork() may lead to deadlocks in the child.
[2026-05-06T10:43:49.004+0000] {standard_task_runner.py:63} INFO - Started process 8932 to run task
[2026-05-06T10:43:49.137+0000] {task_command.py:426} INFO - Running <TaskInstance: example_bash_operator.this_will_skip manual__2026-05-06T10:43:41+00:00 [running]> on host 67cee88800bc
[2026-05-06T10:43:49.311+0000] {taskinstance.py:2644} INFO - Exporting env vars: AIRFLOW_CTX_DAG_OWNER='***' AIRFLOW_CTX_DAG_ID='example_bash_operator' AIRFLOW_CTX_TASK_ID='this_will_skip' AIRFLOW_CTX_EXECUTION_DATE='2026-05-06T10:43:41+00:00' AIRFLOW_CTX_TRY_NUMBER='1' AIRFLOW_CTX_DAG_RUN_ID='manual__2026-05-06T10:43:41+00:00'
[2026-05-06T10:43:49.315+0000] {taskinstance.py:430} INFO - ::endgroup::
[2026-05-06T10:43:49.317+0000] {subprocess.py:63} INFO - Tmp dir root location: /tmp
[2026-05-06T10:43:49.319+0000] {subprocess.py:75} INFO - Running command: ['/usr/bin/bash', '-c', 'echo "hello world"; exit 99;']
[2026-05-06T10:43:49.335+0000] {subprocess.py:86} INFO - Output:
[2026-05-06T10:43:49.339+0000] {subprocess.py:93} INFO - hello world
[2026-05-06T10:43:49.340+0000] {subprocess.py:97} INFO - Command exited with return code 99
[2026-05-06T10:43:49.342+0000] {taskinstance.py:441} INFO - ::group::Post task execution logs
[2026-05-06T10:43:49.343+0000] {taskinstance.py:2502} INFO - Bash command returned exit code 99. Skipping.
[2026-05-06T10:43:49.363+0000] {taskinstance.py:1205} INFO - Marking task as SKIPPED. dag_id=example_bash_operator, task_id=this_will_skip, execution_date=20260506T104341, start_date=20260506T104348, end_date=20260506T104349
[2026-05-06T10:43:49.420+0000] {local_task_job_runner.py:240} INFO - Task exited with return code 0
[2026-05-06T10:43:49.451+0000] {taskinstance.py:3482} INFO - 0 downstream tasks scheduled from follow-on schedule check
[2026-05-06T10:43:49.456+0000] {local_task_job_runner.py:222} INFO - ::endgroup::
