[2026-05-06T10:40:45.329+0000] {local_task_job_runner.py:120} INFO - ::group::Pre task execution logs
[2026-05-06T10:40:45.395+0000] {taskinstance.py:2073} INFO - Dependencies all met for dep_context=non-requeueable deps ti=<TaskInstance: example_bash_operator.this_will_skip scheduled__2026-05-05T00:00:00+00:00 [queued]>
[2026-05-06T10:40:45.418+0000] {taskinstance.py:2073} INFO - Dependencies all met for dep_context=requeueable deps ti=<TaskInstance: example_bash_operator.this_will_skip scheduled__2026-05-05T00:00:00+00:00 [queued]>
[2026-05-06T10:40:45.419+0000] {taskinstance.py:2303} INFO - Starting attempt 1 of 1
[2026-05-06T10:40:45.449+0000] {taskinstance.py:2327} INFO - Executing <Task(BashOperator): this_will_skip> on 2026-05-05 00:00:00+00:00
[2026-05-06T10:40:45.474+0000] {logging_mixin.py:188} WARNING - /home/***/.local/lib/python3.12/site-packages/***/task/task_runner/standard_task_runner.py:61 DeprecationWarning: This process (pid=7343) is multi-threaded, use of fork() may lead to deadlocks in the child.
[2026-05-06T10:40:45.481+0000] {standard_task_runner.py:63} INFO - Started process 7365 to run task
[2026-05-06T10:40:45.476+0000] {standard_task_runner.py:90} INFO - Running: ['***', 'tasks', 'run', 'example_bash_operator', 'this_will_skip', 'scheduled__2026-05-05T00:00:00+00:00', '--job-id', '11', '--raw', '--subdir', '/home/***/.local/lib/python3.12/site-packages/***/example_dags/example_bash_operator.py', '--cfg-path', '/tmp/tmpxp6lmwb4']
[2026-05-06T10:40:45.483+0000] {standard_task_runner.py:91} INFO - Job 11: Subtask this_will_skip
[2026-05-06T10:40:45.638+0000] {task_command.py:426} INFO - Running <TaskInstance: example_bash_operator.this_will_skip scheduled__2026-05-05T00:00:00+00:00 [running]> on host 67cee88800bc
[2026-05-06T10:40:45.842+0000] {taskinstance.py:2644} INFO - Exporting env vars: AIRFLOW_CTX_DAG_OWNER='***' AIRFLOW_CTX_DAG_ID='example_bash_operator' AIRFLOW_CTX_TASK_ID='this_will_skip' AIRFLOW_CTX_EXECUTION_DATE='2026-05-05T00:00:00+00:00' AIRFLOW_CTX_TRY_NUMBER='1' AIRFLOW_CTX_DAG_RUN_ID='scheduled__2026-05-05T00:00:00+00:00'
[2026-05-06T10:40:45.845+0000] {taskinstance.py:430} INFO - ::endgroup::
[2026-05-06T10:40:45.846+0000] {subprocess.py:63} INFO - Tmp dir root location: /tmp
[2026-05-06T10:40:45.849+0000] {subprocess.py:75} INFO - Running command: ['/usr/bin/bash', '-c', 'echo "hello world"; exit 99;']
[2026-05-06T10:40:45.865+0000] {subprocess.py:86} INFO - Output:
[2026-05-06T10:40:45.867+0000] {subprocess.py:93} INFO - hello world
[2026-05-06T10:40:45.869+0000] {subprocess.py:97} INFO - Command exited with return code 99
[2026-05-06T10:40:45.870+0000] {taskinstance.py:441} INFO - ::group::Post task execution logs
[2026-05-06T10:40:45.871+0000] {taskinstance.py:2502} INFO - Bash command returned exit code 99. Skipping.
[2026-05-06T10:40:45.893+0000] {taskinstance.py:1205} INFO - Marking task as SKIPPED. dag_id=example_bash_operator, task_id=this_will_skip, execution_date=20260505T000000, start_date=20260506T104045, end_date=20260506T104045
[2026-05-06T10:40:45.941+0000] {local_task_job_runner.py:240} INFO - Task exited with return code 0
[2026-05-06T10:40:45.988+0000] {taskinstance.py:3482} INFO - 0 downstream tasks scheduled from follow-on schedule check
[2026-05-06T10:40:45.990+0000] {local_task_job_runner.py:222} INFO - ::endgroup::
