[2026-05-06T10:43:48.912+0000] {local_task_job_runner.py:120} INFO - ::group::Pre task execution logs
[2026-05-06T10:43:48.959+0000] {taskinstance.py:2073} INFO - Dependencies all met for dep_context=non-requeueable deps ti=<TaskInstance: example_bash_operator.runme_2 manual__2026-05-06T10:43:41+00:00 [queued]>
[2026-05-06T10:43:48.971+0000] {taskinstance.py:2073} INFO - Dependencies all met for dep_context=requeueable deps ti=<TaskInstance: example_bash_operator.runme_2 manual__2026-05-06T10:43:41+00:00 [queued]>
[2026-05-06T10:43:48.971+0000] {taskinstance.py:2303} INFO - Starting attempt 1 of 1
[2026-05-06T10:43:48.989+0000] {taskinstance.py:2327} INFO - Executing <Task(BashOperator): runme_2> on 2026-05-06 10:43:41+00:00
[2026-05-06T10:43:49.002+0000] {logging_mixin.py:188} WARNING - /home/***/.local/lib/python3.12/site-packages/***/task/task_runner/standard_task_runner.py:61 DeprecationWarning: This process (pid=8925) is multi-threaded, use of fork() may lead to deadlocks in the child.
[2026-05-06T10:43:49.004+0000] {standard_task_runner.py:63} INFO - Started process 8933 to run task
[2026-05-06T10:43:49.003+0000] {standard_task_runner.py:90} INFO - Running: ['***', 'tasks', 'run', 'example_bash_operator', 'runme_2', 'manual__2026-05-06T10:43:41+00:00', '--job-id', '17', '--raw', '--subdir', '/home/***/.local/lib/python3.12/site-packages/***/example_dags/example_bash_operator.py', '--cfg-path', '/tmp/tmpsj2ajmtc']
[2026-05-06T10:43:49.006+0000] {standard_task_runner.py:91} INFO - Job 17: Subtask runme_2
[2026-05-06T10:43:49.138+0000] {task_command.py:426} INFO - Running <TaskInstance: example_bash_operator.runme_2 manual__2026-05-06T10:43:41+00:00 [running]> on host 67cee88800bc
[2026-05-06T10:43:49.317+0000] {taskinstance.py:2644} INFO - Exporting env vars: AIRFLOW_CTX_DAG_OWNER='***' AIRFLOW_CTX_DAG_ID='example_bash_operator' AIRFLOW_CTX_TASK_ID='runme_2' AIRFLOW_CTX_EXECUTION_DATE='2026-05-06T10:43:41+00:00' AIRFLOW_CTX_TRY_NUMBER='1' AIRFLOW_CTX_DAG_RUN_ID='manual__2026-05-06T10:43:41+00:00'
[2026-05-06T10:43:49.322+0000] {taskinstance.py:430} INFO - ::endgroup::
[2026-05-06T10:43:49.324+0000] {subprocess.py:63} INFO - Tmp dir root location: /tmp
[2026-05-06T10:43:49.325+0000] {subprocess.py:75} INFO - Running command: ['/usr/bin/bash', '-c', 'echo "example_bash_operator__runme_2__20260506" && sleep 1']
[2026-05-06T10:43:49.342+0000] {subprocess.py:86} INFO - Output:
[2026-05-06T10:43:49.343+0000] {subprocess.py:93} INFO - example_bash_operator__runme_2__20260506
[2026-05-06T10:43:50.348+0000] {subprocess.py:97} INFO - Command exited with return code 0
[2026-05-06T10:43:50.349+0000] {taskinstance.py:441} INFO - ::group::Post task execution logs
[2026-05-06T10:43:50.434+0000] {taskinstance.py:1205} INFO - Marking task as SUCCESS. dag_id=example_bash_operator, task_id=runme_2, execution_date=20260506T104341, start_date=20260506T104348, end_date=20260506T104350
[2026-05-06T10:43:50.511+0000] {local_task_job_runner.py:240} INFO - Task exited with return code 0
[2026-05-06T10:43:50.551+0000] {taskinstance.py:3482} INFO - 0 downstream tasks scheduled from follow-on schedule check
[2026-05-06T10:43:50.556+0000] {local_task_job_runner.py:222} INFO - ::endgroup::
