[2026-05-06T10:43:48.914+0000] {local_task_job_runner.py:120} INFO - ::group::Pre task execution logs
[2026-05-06T10:43:48.963+0000] {taskinstance.py:2073} INFO - Dependencies all met for dep_context=non-requeueable deps ti=<TaskInstance: example_bash_operator.runme_1 manual__2026-05-06T10:43:41+00:00 [queued]>
[2026-05-06T10:43:48.973+0000] {taskinstance.py:2073} INFO - Dependencies all met for dep_context=requeueable deps ti=<TaskInstance: example_bash_operator.runme_1 manual__2026-05-06T10:43:41+00:00 [queued]>
[2026-05-06T10:43:48.974+0000] {taskinstance.py:2303} INFO - Starting attempt 1 of 1
[2026-05-06T10:43:48.992+0000] {taskinstance.py:2327} INFO - Executing <Task(BashOperator): runme_1> on 2026-05-06 10:43:41+00:00
[2026-05-06T10:43:49.006+0000] {logging_mixin.py:188} WARNING - /home/***/.local/lib/python3.12/site-packages/***/task/task_runner/standard_task_runner.py:61 DeprecationWarning: This process (pid=8924) is multi-threaded, use of fork() may lead to deadlocks in the child.
[2026-05-06T10:43:49.008+0000] {standard_task_runner.py:63} INFO - Started process 8935 to run task
[2026-05-06T10:43:49.004+0000] {standard_task_runner.py:90} INFO - Running: ['***', 'tasks', 'run', 'example_bash_operator', 'runme_1', 'manual__2026-05-06T10:43:41+00:00', '--job-id', '16', '--raw', '--subdir', '/home/***/.local/lib/python3.12/site-packages/***/example_dags/example_bash_operator.py', '--cfg-path', '/tmp/tmplpqi7qfs']
[2026-05-06T10:43:49.011+0000] {standard_task_runner.py:91} INFO - Job 16: Subtask runme_1
[2026-05-06T10:43:49.137+0000] {task_command.py:426} INFO - Running <TaskInstance: example_bash_operator.runme_1 manual__2026-05-06T10:43:41+00:00 [running]> on host 67cee88800bc
[2026-05-06T10:43:49.318+0000] {taskinstance.py:2644} INFO - Exporting env vars: AIRFLOW_CTX_DAG_OWNER='***' AIRFLOW_CTX_DAG_ID='example_bash_operator' AIRFLOW_CTX_TASK_ID='runme_1' AIRFLOW_CTX_EXECUTION_DATE='2026-05-06T10:43:41+00:00' AIRFLOW_CTX_TRY_NUMBER='1' AIRFLOW_CTX_DAG_RUN_ID='manual__2026-05-06T10:43:41+00:00'
[2026-05-06T10:43:49.322+0000] {taskinstance.py:430} INFO - ::endgroup::
[2026-05-06T10:43:49.324+0000] {subprocess.py:63} INFO - Tmp dir root location: /tmp
[2026-05-06T10:43:49.325+0000] {subprocess.py:75} INFO - Running command: ['/usr/bin/bash', '-c', 'echo "example_bash_operator__runme_1__20260506" && sleep 1']
[2026-05-06T10:43:49.338+0000] {subprocess.py:86} INFO - Output:
[2026-05-06T10:43:49.340+0000] {subprocess.py:93} INFO - example_bash_operator__runme_1__20260506
[2026-05-06T10:43:50.344+0000] {subprocess.py:97} INFO - Command exited with return code 0
[2026-05-06T10:43:50.347+0000] {taskinstance.py:441} INFO - ::group::Post task execution logs
[2026-05-06T10:43:50.430+0000] {taskinstance.py:1205} INFO - Marking task as SUCCESS. dag_id=example_bash_operator, task_id=runme_1, execution_date=20260506T104341, start_date=20260506T104348, end_date=20260506T104350
[2026-05-06T10:43:50.473+0000] {local_task_job_runner.py:240} INFO - Task exited with return code 0
[2026-05-06T10:43:50.507+0000] {taskinstance.py:3482} INFO - 1 downstream tasks scheduled from follow-on schedule check
[2026-05-06T10:43:50.510+0000] {local_task_job_runner.py:222} INFO - ::endgroup::
