[2026-05-06T10:40:45.270+0000] {local_task_job_runner.py:120} INFO - ::group::Pre task execution logs
[2026-05-06T10:40:45.343+0000] {taskinstance.py:2073} INFO - Dependencies all met for dep_context=non-requeueable deps ti=<TaskInstance: example_bash_operator.also_run_this scheduled__2026-05-05T00:00:00+00:00 [queued]>
[2026-05-06T10:40:45.362+0000] {taskinstance.py:2073} INFO - Dependencies all met for dep_context=requeueable deps ti=<TaskInstance: example_bash_operator.also_run_this scheduled__2026-05-05T00:00:00+00:00 [queued]>
[2026-05-06T10:40:45.365+0000] {taskinstance.py:2303} INFO - Starting attempt 1 of 1
[2026-05-06T10:40:45.390+0000] {taskinstance.py:2327} INFO - Executing <Task(BashOperator): also_run_this> on 2026-05-05 00:00:00+00:00
[2026-05-06T10:40:45.417+0000] {logging_mixin.py:188} WARNING - /home/***/.local/lib/python3.12/site-packages/***/task/task_runner/standard_task_runner.py:61 DeprecationWarning: This process (pid=7340) is multi-threaded, use of fork() may lead to deadlocks in the child.
[2026-05-06T10:40:45.415+0000] {standard_task_runner.py:90} INFO - Running: ['***', 'tasks', 'run', 'example_bash_operator', 'also_run_this', 'scheduled__2026-05-05T00:00:00+00:00', '--job-id', '5', '--raw', '--subdir', '/home/***/.local/lib/python3.12/site-packages/***/example_dags/example_bash_operator.py', '--cfg-path', '/tmp/tmphsrb3rya']
[2026-05-06T10:40:45.420+0000] {standard_task_runner.py:63} INFO - Started process 7359 to run task
[2026-05-06T10:40:45.421+0000] {standard_task_runner.py:91} INFO - Job 5: Subtask also_run_this
[2026-05-06T10:40:45.596+0000] {task_command.py:426} INFO - Running <TaskInstance: example_bash_operator.also_run_this scheduled__2026-05-05T00:00:00+00:00 [running]> on host 67cee88800bc
[2026-05-06T10:40:45.788+0000] {taskinstance.py:2644} INFO - Exporting env vars: AIRFLOW_CTX_DAG_OWNER='***' AIRFLOW_CTX_DAG_ID='example_bash_operator' AIRFLOW_CTX_TASK_ID='also_run_this' AIRFLOW_CTX_EXECUTION_DATE='2026-05-05T00:00:00+00:00' AIRFLOW_CTX_TRY_NUMBER='1' AIRFLOW_CTX_DAG_RUN_ID='scheduled__2026-05-05T00:00:00+00:00'
[2026-05-06T10:40:45.792+0000] {taskinstance.py:430} INFO - ::endgroup::
[2026-05-06T10:40:45.796+0000] {subprocess.py:63} INFO - Tmp dir root location: /tmp
[2026-05-06T10:40:45.802+0000] {subprocess.py:75} INFO - Running command: ['/usr/bin/bash', '-c', 'echo "ti_key=example_bash_operator__also_run_this__20260505"']
[2026-05-06T10:40:45.822+0000] {subprocess.py:86} INFO - Output:
[2026-05-06T10:40:45.825+0000] {subprocess.py:93} INFO - ti_key=example_bash_operator__also_run_this__20260505
[2026-05-06T10:40:45.826+0000] {subprocess.py:97} INFO - Command exited with return code 0
[2026-05-06T10:40:45.827+0000] {taskinstance.py:441} INFO - ::group::Post task execution logs
[2026-05-06T10:40:45.882+0000] {taskinstance.py:1205} INFO - Marking task as SUCCESS. dag_id=example_bash_operator, task_id=also_run_this, execution_date=20260505T000000, start_date=20260506T104045, end_date=20260506T104045
[2026-05-06T10:40:45.920+0000] {local_task_job_runner.py:240} INFO - Task exited with return code 0
[2026-05-06T10:40:45.957+0000] {taskinstance.py:3482} INFO - 0 downstream tasks scheduled from follow-on schedule check
[2026-05-06T10:40:45.968+0000] {local_task_job_runner.py:222} INFO - ::endgroup::
