[2026-05-06T10:40:45.267+0000] {local_task_job_runner.py:120} INFO - ::group::Pre task execution logs
[2026-05-06T10:40:45.337+0000] {taskinstance.py:2073} INFO - Dependencies all met for dep_context=non-requeueable deps ti=<TaskInstance: example_bash_operator.this_will_skip manual__2026-05-06T10:40:18+00:00 [queued]>
[2026-05-06T10:40:45.352+0000] {taskinstance.py:2073} INFO - Dependencies all met for dep_context=requeueable deps ti=<TaskInstance: example_bash_operator.this_will_skip manual__2026-05-06T10:40:18+00:00 [queued]>
[2026-05-06T10:40:45.352+0000] {taskinstance.py:2303} INFO - Starting attempt 1 of 1
[2026-05-06T10:40:45.384+0000] {taskinstance.py:2327} INFO - Executing <Task(BashOperator): this_will_skip> on 2026-05-06 10:40:18+00:00
[2026-05-06T10:40:45.404+0000] {standard_task_runner.py:90} INFO - Running: ['***', 'tasks', 'run', 'example_bash_operator', 'this_will_skip', 'manual__2026-05-06T10:40:18+00:00', '--job-id', '2', '--raw', '--subdir', '/home/***/.local/lib/python3.12/site-packages/***/example_dags/example_bash_operator.py', '--cfg-path', '/tmp/tmpur85moqw']
[2026-05-06T10:40:45.406+0000] {logging_mixin.py:188} WARNING - /home/***/.local/lib/python3.12/site-packages/***/task/task_runner/standard_task_runner.py:61 DeprecationWarning: This process (pid=7339) is multi-threaded, use of fork() may lead to deadlocks in the child.
[2026-05-06T10:40:45.409+0000] {standard_task_runner.py:91} INFO - Job 2: Subtask this_will_skip
[2026-05-06T10:40:45.410+0000] {standard_task_runner.py:63} INFO - Started process 7358 to run task
[2026-05-06T10:40:45.575+0000] {task_command.py:426} INFO - Running <TaskInstance: example_bash_operator.this_will_skip manual__2026-05-06T10:40:18+00:00 [running]> on host 67cee88800bc
[2026-05-06T10:40:45.771+0000] {taskinstance.py:2644} INFO - Exporting env vars: AIRFLOW_CTX_DAG_OWNER='***' AIRFLOW_CTX_DAG_ID='example_bash_operator' AIRFLOW_CTX_TASK_ID='this_will_skip' AIRFLOW_CTX_EXECUTION_DATE='2026-05-06T10:40:18+00:00' AIRFLOW_CTX_TRY_NUMBER='1' AIRFLOW_CTX_DAG_RUN_ID='manual__2026-05-06T10:40:18+00:00'
[2026-05-06T10:40:45.775+0000] {taskinstance.py:430} INFO - ::endgroup::
[2026-05-06T10:40:45.776+0000] {subprocess.py:63} INFO - Tmp dir root location: /tmp
[2026-05-06T10:40:45.778+0000] {subprocess.py:75} INFO - Running command: ['/usr/bin/bash', '-c', 'echo "hello world"; exit 99;']
[2026-05-06T10:40:45.798+0000] {subprocess.py:86} INFO - Output:
[2026-05-06T10:40:45.802+0000] {subprocess.py:93} INFO - hello world
[2026-05-06T10:40:45.803+0000] {subprocess.py:97} INFO - Command exited with return code 99
[2026-05-06T10:40:45.807+0000] {taskinstance.py:441} INFO - ::group::Post task execution logs
[2026-05-06T10:40:45.808+0000] {taskinstance.py:2502} INFO - Bash command returned exit code 99. Skipping.
[2026-05-06T10:40:45.835+0000] {taskinstance.py:1205} INFO - Marking task as SKIPPED. dag_id=example_bash_operator, task_id=this_will_skip, execution_date=20260506T104018, start_date=20260506T104045, end_date=20260506T104045
[2026-05-06T10:40:45.911+0000] {local_task_job_runner.py:240} INFO - Task exited with return code 0
[2026-05-06T10:40:45.949+0000] {taskinstance.py:3482} INFO - 0 downstream tasks scheduled from follow-on schedule check
[2026-05-06T10:40:45.955+0000] {local_task_job_runner.py:222} INFO - ::endgroup::
