[2026-05-06T10:43:52.130+0000] {local_task_job_runner.py:120} INFO - ::group::Pre task execution logs
[2026-05-06T10:43:52.168+0000] {taskinstance.py:2073} INFO - Dependencies all met for dep_context=non-requeueable deps ti=<TaskInstance: example_bash_operator.run_after_loop manual__2026-05-06T10:43:41+00:00 [queued]>
[2026-05-06T10:43:52.178+0000] {taskinstance.py:2073} INFO - Dependencies all met for dep_context=requeueable deps ti=<TaskInstance: example_bash_operator.run_after_loop manual__2026-05-06T10:43:41+00:00 [queued]>
[2026-05-06T10:43:52.179+0000] {taskinstance.py:2303} INFO - Starting attempt 1 of 1
[2026-05-06T10:43:52.195+0000] {taskinstance.py:2327} INFO - Executing <Task(BashOperator): run_after_loop> on 2026-05-06 10:43:41+00:00
[2026-05-06T10:43:52.206+0000] {logging_mixin.py:188} WARNING - /home/***/.local/lib/python3.12/site-packages/***/task/task_runner/standard_task_runner.py:61 DeprecationWarning: This process (pid=8942) is multi-threaded, use of fork() may lead to deadlocks in the child.
[2026-05-06T10:43:52.208+0000] {standard_task_runner.py:63} INFO - Started process 8944 to run task
[2026-05-06T10:43:52.206+0000] {standard_task_runner.py:90} INFO - Running: ['***', 'tasks', 'run', 'example_bash_operator', 'run_after_loop', 'manual__2026-05-06T10:43:41+00:00', '--job-id', '19', '--raw', '--subdir', '/home/***/.local/lib/python3.12/site-packages/***/example_dags/example_bash_operator.py', '--cfg-path', '/tmp/tmp9go6sz3u']
[2026-05-06T10:43:52.209+0000] {standard_task_runner.py:91} INFO - Job 19: Subtask run_after_loop
[2026-05-06T10:43:52.307+0000] {task_command.py:426} INFO - Running <TaskInstance: example_bash_operator.run_after_loop manual__2026-05-06T10:43:41+00:00 [running]> on host 67cee88800bc
[2026-05-06T10:43:52.435+0000] {taskinstance.py:2644} INFO - Exporting env vars: AIRFLOW_CTX_DAG_OWNER='***' AIRFLOW_CTX_DAG_ID='example_bash_operator' AIRFLOW_CTX_TASK_ID='run_after_loop' AIRFLOW_CTX_EXECUTION_DATE='2026-05-06T10:43:41+00:00' AIRFLOW_CTX_TRY_NUMBER='1' AIRFLOW_CTX_DAG_RUN_ID='manual__2026-05-06T10:43:41+00:00'
[2026-05-06T10:43:52.438+0000] {taskinstance.py:430} INFO - ::endgroup::
[2026-05-06T10:43:52.439+0000] {subprocess.py:63} INFO - Tmp dir root location: /tmp
[2026-05-06T10:43:52.440+0000] {subprocess.py:75} INFO - Running command: ['/usr/bin/bash', '-c', "ls -alh --color=always / && echo https://***.apache.org/  && echo 'some <code>html</code>'"]
[2026-05-06T10:43:52.451+0000] {subprocess.py:86} INFO - Output:
[2026-05-06T10:43:52.457+0000] {subprocess.py:93} INFO - total 160K
[2026-05-06T10:43:52.458+0000] {subprocess.py:93} INFO - drwxr-xr-x   1 root    root 4.0K May  6 10:26 .
[2026-05-06T10:43:52.459+0000] {subprocess.py:93} INFO - drwxr-xr-x   1 root    root 4.0K May  6 10:26 ..
[2026-05-06T10:43:52.459+0000] {subprocess.py:93} INFO - -rwxr-xr-x   1 root    root    0 May  6 10:26 .dockerenv
[2026-05-06T10:43:52.460+0000] {subprocess.py:93} INFO - -rw-r--r--   1 *** root  72K Apr  8  2024 Dockerfile
[2026-05-06T10:43:52.460+0000] {subprocess.py:93} INFO - -rw-rw-r--   1 root    root  282 Apr  8  2024 ***-scheduler-autorestart
[2026-05-06T10:43:52.460+0000] {subprocess.py:93} INFO - lrwxrwxrwx   1 root    root    7 Mar 11  2024 bin -> usr/bin
[2026-05-06T10:43:52.461+0000] {subprocess.py:93} INFO - drwxr-xr-x   2 root    root 4.0K Jan 28  2024 boot
[2026-05-06T10:43:52.461+0000] {subprocess.py:93} INFO - -rwxrwxr-x   1 root    root  643 Apr  8  2024 clean-logs
[2026-05-06T10:43:52.462+0000] {subprocess.py:93} INFO - drwxr-xr-x   5 root    root  340 May  6 10:26 dev
[2026-05-06T10:43:52.462+0000] {subprocess.py:93} INFO - -rwxrwxr-x   1 root    root  12K Apr  8  2024 entrypoint
[2026-05-06T10:43:52.462+0000] {subprocess.py:93} INFO - drwxr-xr-x   1 root    root 4.0K May  6 10:26 etc
[2026-05-06T10:43:52.463+0000] {subprocess.py:93} INFO - drwxr-xr-x   1 root    root 4.0K Apr  8  2024 home
[2026-05-06T10:43:52.463+0000] {subprocess.py:93} INFO - lrwxrwxrwx   1 root    root    7 Mar 11  2024 lib -> usr/lib
[2026-05-06T10:43:52.463+0000] {subprocess.py:93} INFO - lrwxrwxrwx   1 root    root    9 Mar 11  2024 lib64 -> usr/lib64
[2026-05-06T10:43:52.464+0000] {subprocess.py:93} INFO - drwxr-xr-x   2 root    root 4.0K Mar 11  2024 media
[2026-05-06T10:43:52.464+0000] {subprocess.py:93} INFO - drwxr-xr-x   2 root    root 4.0K Mar 11  2024 mnt
[2026-05-06T10:43:52.464+0000] {subprocess.py:93} INFO - drwxr-xr-x   1 root    root 4.0K Apr  8  2024 opt
[2026-05-06T10:43:52.465+0000] {subprocess.py:93} INFO - dr-xr-xr-x 412 root    root    0 May  6 10:26 proc
[2026-05-06T10:43:52.465+0000] {subprocess.py:93} INFO - drwx------   1 root    root 4.0K Apr  8  2024 root
[2026-05-06T10:43:52.465+0000] {subprocess.py:93} INFO - drwxr-xr-x   1 root    root 4.0K Apr  8  2024 run
[2026-05-06T10:43:52.466+0000] {subprocess.py:93} INFO - lrwxrwxrwx   1 root    root    8 Mar 11  2024 sbin -> usr/sbin
[2026-05-06T10:43:52.466+0000] {subprocess.py:93} INFO - drwxr-xr-x   1 root    root 4.0K Apr  8  2024 scripts
[2026-05-06T10:43:52.466+0000] {subprocess.py:93} INFO - drwxr-xr-x   2 root    root 4.0K Mar 11  2024 srv
[2026-05-06T10:43:52.467+0000] {subprocess.py:93} INFO - dr-xr-xr-x  13 root    root    0 May  6 10:26 sys
[2026-05-06T10:43:52.467+0000] {subprocess.py:93} INFO - drwxrwxrwt   1 root    root 4.0K May  6 10:43 tmp
[2026-05-06T10:43:52.468+0000] {subprocess.py:93} INFO - drwxr-xr-x   1 root    root 4.0K Mar 11  2024 usr
[2026-05-06T10:43:52.468+0000] {subprocess.py:93} INFO - drwxr-xr-x   1 root    root 4.0K Mar 11  2024 var
[2026-05-06T10:43:52.468+0000] {subprocess.py:93} INFO - https://***.apache.org/
[2026-05-06T10:43:52.469+0000] {subprocess.py:93} INFO - some <code>html</code>
[2026-05-06T10:43:52.469+0000] {subprocess.py:97} INFO - Command exited with return code 0
[2026-05-06T10:43:52.470+0000] {taskinstance.py:441} INFO - ::group::Post task execution logs
[2026-05-06T10:43:52.508+0000] {taskinstance.py:1205} INFO - Marking task as SUCCESS. dag_id=example_bash_operator, task_id=run_after_loop, execution_date=20260506T104341, start_date=20260506T104352, end_date=20260506T104352
[2026-05-06T10:43:52.543+0000] {local_task_job_runner.py:240} INFO - Task exited with return code 0
[2026-05-06T10:43:52.569+0000] {taskinstance.py:3482} INFO - 0 downstream tasks scheduled from follow-on schedule check
[2026-05-06T10:43:52.572+0000] {local_task_job_runner.py:222} INFO - ::endgroup::
