[2026-05-06T10:56:05.756+0000] {local_task_job_runner.py:120} INFO - ::group::Pre task execution logs
[2026-05-06T10:56:05.814+0000] {taskinstance.py:2073} INFO - Dependencies all met for dep_context=non-requeueable deps ti=<TaskInstance: failing_pipeline.extract_users manual__2026-05-06T10:51:51+00:00 [queued]>
[2026-05-06T10:56:05.827+0000] {taskinstance.py:2073} INFO - Dependencies all met for dep_context=requeueable deps ti=<TaskInstance: failing_pipeline.extract_users manual__2026-05-06T10:51:51+00:00 [queued]>
[2026-05-06T10:56:05.828+0000] {taskinstance.py:2303} INFO - Starting attempt 1 of 1
[2026-05-06T10:56:05.856+0000] {taskinstance.py:2327} INFO - Executing <Task(PythonOperator): extract_users> on 2026-05-06 10:51:51+00:00
[2026-05-06T10:56:05.868+0000] {standard_task_runner.py:90} INFO - Running: ['***', 'tasks', 'run', 'failing_pipeline', 'extract_users', 'manual__2026-05-06T10:51:51+00:00', '--job-id', '21', '--raw', '--subdir', 'DAGS_FOLDER/failing_pipeline.py', '--cfg-path', '/tmp/tmpqu5l6sjt']
[2026-05-06T10:56:05.872+0000] {standard_task_runner.py:91} INFO - Job 21: Subtask extract_users
[2026-05-06T10:56:05.872+0000] {logging_mixin.py:188} WARNING - /home/***/.local/lib/python3.12/site-packages/***/task/task_runner/standard_task_runner.py:61 DeprecationWarning: This process (pid=15161) is multi-threaded, use of fork() may lead to deadlocks in the child.
[2026-05-06T10:56:05.873+0000] {standard_task_runner.py:63} INFO - Started process 15165 to run task
[2026-05-06T10:56:05.993+0000] {task_command.py:426} INFO - Running <TaskInstance: failing_pipeline.extract_users manual__2026-05-06T10:51:51+00:00 [running]> on host 67cee88800bc
[2026-05-06T10:56:06.130+0000] {taskinstance.py:2644} INFO - Exporting env vars: AIRFLOW_CTX_DAG_OWNER='***' AIRFLOW_CTX_DAG_ID='failing_pipeline' AIRFLOW_CTX_TASK_ID='extract_users' AIRFLOW_CTX_EXECUTION_DATE='2026-05-06T10:51:51+00:00' AIRFLOW_CTX_TRY_NUMBER='1' AIRFLOW_CTX_DAG_RUN_ID='manual__2026-05-06T10:51:51+00:00'
[2026-05-06T10:56:06.133+0000] {taskinstance.py:430} INFO - ::endgroup::
[2026-05-06T10:56:06.134+0000] {taskinstance.py:441} INFO - ::group::Post task execution logs
[2026-05-06T10:56:06.135+0000] {taskinstance.py:2890} ERROR - Task failed with exception
Traceback (most recent call last):
  File "/home/airflow/.local/lib/python3.12/site-packages/airflow/models/taskinstance.py", line 465, in _execute_task
    result = _execute_callable(context=context, **execute_callable_kwargs)
             ^^^^^^^^^^^^^^^^^^^^^^^^^^^^^^^^^^^^^^^^^^^^^^^^^^^^^^^^^^^^^
  File "/home/airflow/.local/lib/python3.12/site-packages/airflow/models/taskinstance.py", line 432, in _execute_callable
    return execute_callable(context=context, **execute_callable_kwargs)
           ^^^^^^^^^^^^^^^^^^^^^^^^^^^^^^^^^^^^^^^^^^^^^^^^^^^^^^^^^^^^
  File "/home/airflow/.local/lib/python3.12/site-packages/airflow/models/baseoperator.py", line 400, in wrapper
    return func(self, *args, **kwargs)
           ^^^^^^^^^^^^^^^^^^^^^^^^^^^
  File "/home/airflow/.local/lib/python3.12/site-packages/airflow/operators/python.py", line 235, in execute
    return_value = self.execute_callable()
                   ^^^^^^^^^^^^^^^^^^^^^^^
  File "/home/airflow/.local/lib/python3.12/site-packages/airflow/operators/python.py", line 252, in execute_callable
    return self.python_callable(*self.op_args, **self.op_kwargs)
           ^^^^^^^^^^^^^^^^^^^^^^^^^^^^^^^^^^^^^^^^^^^^^^^^^^^^^
  File "/opt/airflow/dags/failing_pipeline.py", line 6, in fail_task
    raise ValueError("Schema mismatch: column 'user_id' not found in source table. Expected schema: [user_id, session_id, ts, revenue] but got: [uid, session_id, event_ts, amount]")
ValueError: Schema mismatch: column 'user_id' not found in source table. Expected schema: [user_id, session_id, ts, revenue] but got: [uid, session_id, event_ts, amount]
[2026-05-06T10:56:06.156+0000] {taskinstance.py:1205} INFO - Marking task as FAILED. dag_id=failing_pipeline, task_id=extract_users, execution_date=20260506T105151, start_date=20260506T105605, end_date=20260506T105606
[2026-05-06T10:56:06.174+0000] {standard_task_runner.py:110} ERROR - Failed to execute job 21 for task extract_users (Schema mismatch: column 'user_id' not found in source table. Expected schema: [user_id, session_id, ts, revenue] but got: [uid, session_id, event_ts, amount]; 15165)
[2026-05-06T10:56:06.209+0000] {local_task_job_runner.py:240} INFO - Task exited with return code 1
[2026-05-06T10:56:06.232+0000] {taskinstance.py:3482} INFO - 0 downstream tasks scheduled from follow-on schedule check
[2026-05-06T10:56:06.236+0000] {local_task_job_runner.py:222} INFO - ::endgroup::
